Build started 02.11.2014 16:40:11.
     1>Project "E:\Учеба\5-ый семестр\ОСИСП\Лаба 22\ThreadPool\ThreadPool\ThreadPool.vcxproj" on node 2 (Build target(s)).
     1>ClCompile:
         C:\Program Files (x86)\Microsoft Visual Studio 12.0\VC\bin\CL.exe /c /ZI /nologo /W3 /WX- /sdl /Od /Oy- /D WIN32 /D _DEBUG /D _CONSOLE /D _LIB /D _UNICODE /D UNICODE /Gm /EHsc /RTC1 /MDd /GS /fp:precise /Zc:wchar_t /Zc:forScope /Yc"stdafx.h" /Fp"Debug\ThreadPool.pch" /Fo"Debug\\" /Fd"Debug\vc120.pdb" /Gd /TP /analyze- /errorReport:prompt stdafx.cpp
         stdafx.cpp
         C:\Program Files (x86)\Microsoft Visual Studio 12.0\VC\bin\CL.exe /c /ZI /nologo /W3 /WX- /sdl /Od /Oy- /D WIN32 /D _DEBUG /D _CONSOLE /D _LIB /D _UNICODE /D UNICODE /Gm /EHsc /RTC1 /MDd /GS /fp:precise /Zc:wchar_t /Zc:forScope /Yu"stdafx.h" /Fp"Debug\ThreadPool.pch" /Fo"Debug\\" /Fd"Debug\vc120.pdb" /Gd /TP /analyze- /errorReport:prompt Task.cpp Thread.cpp ThreadPool.cpp
         ThreadPool.cpp
     1>e:\учеба\5-ый семестр\осисп\лаба 22\threadpool\threadpool\threadpool.cpp(15): warning C4091: 'typedef ' : ignored on left of 'FUNCDATASTRUCT' when no variable is declared
     1>e:\учеба\5-ый семестр\осисп\лаба 22\threadpool\threadpool\threadpool.cpp(20): warning C4244: 'argument' : conversion from 'time_t' to 'unsigned int', possible loss of data
         Thread.cpp
     1>e:\учеба\5-ый семестр\осисп\лаба 22\threadpool\threadpool\thread.cpp(42): warning C4018: '<' : signed/unsigned mismatch
     1>e:\учеба\5-ый семестр\осисп\лаба 22\threadpool\threadpool\thread.cpp(16): warning C4101: 'c' : unreferenced local variable
         Task.cpp
         Generating Code...
       Link:
         C:\Program Files (x86)\Microsoft Visual Studio 12.0\VC\bin\link.exe /ERRORREPORT:PROMPT /OUT:"E:\Учеба\5-ый семестр\ОСИСП\Лаба 22\ThreadPool\Debug\ThreadPool.exe" /INCREMENTAL /NOLOGO kernel32.lib user32.lib gdi32.lib winspool.lib comdlg32.lib advapi32.lib shell32.lib ole32.lib oleaut32.lib uuid.lib odbc32.lib odbccp32.lib /MANIFEST /MANIFESTUAC:"level='asInvoker' uiAccess='false'" /manifest:embed /DEBUG /PDB:"E:\Учеба\5-ый семестр\ОСИСП\Лаба 22\ThreadPool\Debug\ThreadPool.pdb" /SUBSYSTEM:CONSOLE /TLBID:1 /DYNAMICBASE /NXCOMPAT /IMPLIB:"E:\Учеба\5-ый семестр\ОСИСП\Лаба 22\ThreadPool\Debug\ThreadPool.lib" /MACHINE:X86 Debug\stdafx.obj
         Debug\Task.obj
         Debug\Thread.obj
         Debug\ThreadPool.obj
         ThreadPool.vcxproj -> E:\Учеба\5-ый семестр\ОСИСП\Лаба 22\ThreadPool\Debug\ThreadPool.exe
     1>Done Building Project "E:\Учеба\5-ый семестр\ОСИСП\Лаба 22\ThreadPool\ThreadPool\ThreadPool.vcxproj" (Build target(s)).

Build succeeded.

Time Elapsed 00:00:03.84
